TN:
SF:src/App.tsx
FN:3,App
FNF:1
FNH:0
FNDA:0,App
DA:1,0
DA:4,0
DA:7,0
LF:3
LH:0
BRF:0
BRH:0
end_of_record
TN:
SF:src/api/endpoints/companies.ts
FN:5,(anonymous_0)
FN:6,(anonymous_1)
FN:7,(anonymous_2)
FNF:3
FNH:0
FNDA:0,(anonymous_0)
FNDA:0,(anonymous_1)
FNDA:0,(anonymous_2)
DA:1,0
DA:4,0
DA:5,0
DA:6,0
DA:8,0
LF:5
LH:0
BRF:0
BRH:0
end_of_record
TN:
SF:src/api/endpoints/users.ts
FN:5,(anonymous_0)
FN:6,(anonymous_1)
FNF:2
FNH:0
FNDA:0,(anonymous_0)
FNDA:0,(anonymous_1)
DA:1,0
DA:4,0
DA:5,0
DA:6,0
LF:4
LH:0
BRF:0
BRH:0
end_of_record
TN:
SF:src/api/mock/browser.ts
FNF:0
FNH:0
DA:1,0
DA:2,0
DA:4,0
LF:3
LH:0
BRF:0
BRH:0
end_of_record
TN:
SF:src/api/mock/handlers.ts
FN:6,(anonymous_1)
FN:10,(anonymous_2)
FN:12,(anonymous_3)
FN:21,(anonymous_4)
FN:25,(anonymous_5)
FN:27,(anonymous_6)
FN:36,(anonymous_7)
FN:41,(anonymous_8)
FNF:8
FNH:0
FNDA:0,(anonymous_1)
FNDA:0,(anonymous_2)
FNDA:0,(anonymous_3)
FNDA:0,(anonymous_4)
FNDA:0,(anonymous_5)
FNDA:0,(anonymous_6)
FNDA:0,(anonymous_7)
FNDA:0,(anonymous_8)
DA:1,0
DA:2,0
DA:3,0
DA:5,0
DA:7,0
DA:11,0
DA:12,0
DA:14,0
DA:15,0
DA:18,0
DA:22,0
DA:26,0
DA:27,0
DA:29,0
DA:30,0
DA:33,0
DA:37,0
DA:38,0
DA:40,0
DA:41,0
DA:42,0
DA:44,0
DA:47,0
LF:23
LH:0
BRDA:14,0,0,0
BRDA:29,1,0,0
BRDA:40,2,0,0
BRF:3
BRH:0
end_of_record
TN:
SF:src/components/common/Card.tsx
FN:10,(anonymous_0)
FNF:1
FNH:1
FNDA:19,(anonymous_0)
DA:10,3
DA:11,19
LF:2
LH:2
BRDA:10,0,0,13
BRDA:13,1,0,19
BRDA:13,1,1,18
BRDA:13,1,2,2
BRDA:15,2,0,2
BRDA:15,2,1,1
BRDA:18,3,0,2
BRDA:18,3,1,1
BRF:8
BRH:8
end_of_record
TN:
SF:src/components/common/ErrorBoundary.tsx
FN:15,(anonymous_0)
FN:20,(anonymous_1)
FN:24,(anonymous_2)
FN:30,(anonymous_3)
FN:41,(anonymous_4)
FNF:5
FNH:2
FNDA:4,(anonymous_0)
FNDA:0,(anonymous_1)
FNDA:0,(anonymous_2)
FNDA:4,(anonymous_3)
FNDA:0,(anonymous_4)
DA:1,1
DA:14,1
DA:16,4
DA:17,4
DA:21,0
DA:25,0
DA:26,0
DA:27,0
DA:31,4
DA:32,0
DA:41,0
DA:50,4
LF:12
LH:6
BRDA:31,0,0,0
BRDA:32,1,0,0
BRDA:32,1,1,0
BRDA:38,2,0,0
BRDA:38,2,1,0
BRF:5
BRH:0
end_of_record
TN:
SF:src/components/common/LoadingSpinner.tsx
FN:1,(anonymous_0)
FNF:1
FNH:1
FNDA:9,(anonymous_0)
DA:1,4
DA:2,9
LF:2
LH:2
BRF:0
BRH:0
end_of_record
TN:
SF:src/components/features/Company.tsx
FN:5,(anonymous_0)
FN:8,(anonymous_1)
FN:25,(anonymous_2)
FN:36,(anonymous_3)
FN:56,(anonymous_4)
FNF:5
FNH:5
FNDA:7,(anonymous_0)
FNDA:18,(anonymous_1)
FNDA:11,(anonymous_2)
FNDA:14,(anonymous_3)
FNDA:11,(anonymous_4)
DA:1,3
DA:3,3
DA:5,3
DA:6,7
DA:8,7
DA:9,18
DA:12,7
DA:13,1
DA:21,6
DA:26,11
DA:28,11
DA:37,14
DA:57,11
LF:13
LH:13
BRDA:12,0,0,1
BRDA:32,1,0,10
BRDA:32,1,1,1
BRDA:52,2,0,11
BRDA:52,2,1,11
BRDA:52,2,2,10
BRF:6
BRH:6
end_of_record
TN:
SF:src/components/features/Kittens.tsx
FN:12,(anonymous_0)
FN:22,(anonymous_1)
FN:26,(anonymous_2)
FNF:3
FNH:1
FNDA:6,(anonymous_0)
FNDA:0,(anonymous_1)
FNDA:0,(anonymous_2)
DA:1,2
DA:3,2
DA:6,2
DA:12,2
DA:14,6
DA:15,6
DA:16,6
DA:17,6
DA:19,6
DA:20,6
DA:22,6
DA:23,0
DA:26,6
DA:27,0
DA:28,0
DA:31,6
DA:32,6
DA:34,6
LF:18
LH:15
BRDA:14,0,0,6
BRDA:14,0,1,0
BRDA:31,1,0,0
BRDA:31,1,1,6
BRDA:32,2,0,0
BRDA:32,2,1,6
BRDA:38,3,0,6
BRDA:38,3,1,6
BRDA:47,4,0,6
BRDA:47,4,1,0
BRDA:55,5,0,6
BRDA:55,5,1,1
BRDA:58,6,0,0
BRDA:58,6,1,6
BRF:14
BRH:9
end_of_record
TN:
SF:src/components/features/RandomNumber.tsx
FN:4,(anonymous_0)
FN:5,(anonymous_1)
FN:7,(anonymous_2)
FN:8,(anonymous_3)
FN:12,(anonymous_4)
FNF:5
FNH:5
FNDA:8,(anonymous_0)
FNDA:7,(anonymous_1)
FNDA:7,(anonymous_2)
FNDA:1,(anonymous_3)
FNDA:7,(anonymous_4)
DA:1,2
DA:4,2
DA:5,8
DA:7,8
DA:8,7
DA:9,1
DA:12,7
DA:15,8
LF:8
LH:8
BRDA:26,0,0,8
BRDA:26,0,1,1
BRF:2
BRH:2
end_of_record
TN:
SF:src/components/layout/Header.tsx
FN:4,(anonymous_0)
FNF:1
FNH:1
FNDA:4,(anonymous_0)
DA:1,1
DA:2,1
DA:4,1
DA:5,4
LF:4
LH:4
BRF:0
BRH:0
end_of_record
TN:
SF:src/components/layout/MainLayout.tsx
FN:9,(anonymous_0)
FNF:1
FNH:1
FNDA:4,(anonymous_0)
DA:2,1
DA:3,1
DA:9,1
DA:10,4
LF:4
LH:4
BRF:0
BRH:0
end_of_record
TN:
SF:src/components/pages/UserDetailsPage.tsx
FN:12,(anonymous_0)
FN:22,(anonymous_1)
FN:28,(anonymous_2)
FN:59,(anonymous_3)
FN:104,(anonymous_4)
FN:113,(anonymous_5)
FN:146,(anonymous_6)
FNF:7
FNH:7
FNDA:7,(anonymous_0)
FNDA:7,(anonymous_1)
FNDA:7,(anonymous_2)
FNDA:7,(anonymous_3)
FNDA:7,(anonymous_4)
FNDA:7,(anonymous_5)
FNDA:7,(anonymous_6)
DA:1,2
DA:2,2
DA:3,2
DA:4,2
DA:5,2
DA:6,2
DA:7,2
DA:8,2
DA:9,2
DA:10,2
DA:12,2
DA:13,7
DA:20,7
DA:22,7
DA:23,7
DA:24,7
DA:28,7
DA:29,7
DA:32,7
DA:33,7
DA:34,7
DA:37,7
DA:38,1
DA:41,6
DA:42,1
DA:59,5
DA:60,7
DA:62,3
DA:64,3
DA:66,1
DA:68,0
DA:72,5
DA:105,7
DA:114,7
DA:147,7
DA:167,2
LF:36
LH:35
BRDA:23,0,0,7
BRDA:32,1,0,7
BRDA:32,1,1,0
BRDA:33,2,0,7
BRDA:33,2,1,0
BRDA:34,3,0,7
BRDA:34,3,1,0
BRDA:37,4,0,1
BRDA:41,5,0,1
BRDA:60,6,0,3
BRDA:60,6,1,3
BRDA:60,6,2,1
BRDA:60,6,3,0
BRDA:102,7,0,5
BRDA:102,7,1,0
BRDA:109,8,0,7
BRDA:109,8,1,7
BRDA:109,8,2,6
BRDA:144,9,0,4
BRDA:144,9,1,1
BRF:20
BRH:15
end_of_record
TN:
SF:src/components/pages/UsersPage.tsx
FN:8,(anonymous_0)
FN:11,(anonymous_1)
FN:25,(anonymous_2)
FN:61,(anonymous_3)
FNF:4
FNH:3
FNDA:3,(anonymous_0)
FNDA:3,(anonymous_1)
FNDA:0,(anonymous_2)
FNDA:4,(anonymous_3)
DA:1,1
DA:2,1
DA:3,1
DA:4,1
DA:5,1
DA:6,1
DA:8,1
DA:9,3
DA:11,3
DA:12,3
DA:15,3
DA:16,1
DA:19,2
DA:20,0
DA:25,0
DA:35,2
DA:62,4
DA:103,1
LF:18
LH:16
BRDA:15,0,0,1
BRDA:19,1,0,0
BRF:2
BRH:1
end_of_record
TN:
SF:src/routes/index.tsx
FN:5,(anonymous_0)
FN:10,(anonymous_1)
FNF:2
FNH:2
FNDA:4,(anonymous_0)
FNDA:8,(anonymous_1)
DA:1,1
DA:2,1
DA:3,1
DA:5,1
DA:6,4
DA:11,8
LF:6
LH:6
BRF:0
BRH:0
end_of_record
TN:
SF:src/routes/routes.tsx
FNF:0
FNH:0
DA:2,1
DA:3,1
DA:5,1
LF:3
LH:3
BRF:0
BRH:0
end_of_record
TN:
SF:src/store/usersStore.ts
FN:28,(anonymous_1)
FN:35,(anonymous_2)
FN:36,(anonymous_3)
FN:37,(anonymous_4)
FN:38,(anonymous_5)
FN:39,(anonymous_6)
FN:41,(anonymous_7)
FN:43,(anonymous_8)
FN:46,(anonymous_9)
FN:48,(anonymous_10)
FN:51,(anonymous_11)
FN:53,(anonymous_12)
FN:56,(anonymous_13)
FN:57,(anonymous_14)
FN:63,(anonymous_15)
FN:67,(anonymous_16)
FN:80,(anonymous_17)
FN:96,(anonymous_18)
FN:112,(anonymous_19)
FNF:19
FNH:16
FNDA:1,(anonymous_1)
FNDA:16,(anonymous_2)
FNDA:17,(anonymous_3)
FNDA:0,(anonymous_4)
FNDA:0,(anonymous_5)
FNDA:0,(anonymous_6)
FNDA:2,(anonymous_7)
FNDA:3,(anonymous_8)
FNDA:1,(anonymous_9)
FNDA:3,(anonymous_10)
FNDA:2,(anonymous_11)
FNDA:5,(anonymous_12)
FNDA:4,(anonymous_13)
FNDA:6,(anonymous_14)
FNDA:2,(anonymous_15)
FNDA:1,(anonymous_16)
FNDA:1,(anonymous_17)
FNDA:2,(anonymous_18)
FNDA:1,(anonymous_19)
DA:1,1
DA:3,1
DA:4,1
DA:28,1
DA:35,16
DA:36,17
DA:37,0
DA:38,0
DA:39,0
DA:42,2
DA:43,3
DA:47,1
DA:48,3
DA:52,2
DA:53,5
DA:54,2
DA:56,2
DA:57,6
DA:60,2
DA:64,2
DA:67,2
DA:68,2
DA:69,1
DA:72,1
DA:74,1
DA:76,1
DA:77,1
DA:80,1
DA:82,1
DA:88,0
DA:92,0
DA:97,2
DA:100,2
DA:101,1
DA:104,1
DA:106,1
DA:108,1
DA:109,1
DA:112,1
DA:114,1
DA:120,0
DA:124,0
LF:42
LH:35
BRDA:68,0,0,1
BRDA:68,1,0,2
BRDA:68,1,1,1
BRDA:100,2,0,1
BRDA:100,3,0,2
BRDA:100,3,1,1
BRF:6
BRH:6
end_of_record
TN:
SF:src/utils/constants.ts
FNF:0
FNH:0
DA:1,0
DA:7,0
LF:2
LH:0
BRF:0
BRH:0
end_of_record
TN:
SF:src/utils/helpers.ts
FN:3,(anonymous_0)
FN:12,(anonymous_1)
FN:15,(anonymous_2)
FN:21,(anonymous_3)
FN:23,(anonymous_4)
FN:26,(anonymous_5)
FN:32,(anonymous_6)
FN:34,(anonymous_7)
FNF:8
FNH:5
FNDA:11,(anonymous_0)
FNDA:4,(anonymous_1)
FNDA:7,(anonymous_2)
FNDA:14,(anonymous_3)
FNDA:35,(anonymous_4)
FNDA:0,(anonymous_5)
FNDA:0,(anonymous_6)
FNDA:0,(anonymous_7)
DA:3,4
DA:4,11
DA:5,11
DA:12,4
DA:13,4
DA:15,7
DA:21,4
DA:22,14
DA:23,35
DA:26,4
DA:32,0
DA:33,0
DA:34,0
LF:13
LH:10
BRDA:22,0,0,0
BRF:1
BRH:0
end_of_record
